# JRE version: OpenJDK Runtime Environment Temurin-17.0.10+7 (17.0.10+7) (build 17.0.10+7)
# Java VM: OpenJDK 64-Bit Server VM Temurin-17.0.10+7 (17.0.10+7, mixed mode, tiered, compressed oops, compressed class ptrs, parallel gc, windows-amd64)
GC Precious Log:
 CPUs: 4 total, 4 available
 Memory: 3917M
 Large Page Support: Disabled
 NUMA Support: Disabled
 Compressed Oops: Enabled (32-bit)
 Alignments: Space 512K, Generation 512K, Heap 2M
 Heap Min Capacity: 100M
 Heap Initial Capacity: 100M
 Heap Max Capacity: 1G
 Pre-touch: Disabled
 Parallel Workers: 4
Heap:
 PSYoungGen      total 8192K, used 4115K [0x00000000eab00000, 0x00000000ec180000, 0x0000000100000000)
  eden space 5632K, 33% used [0x00000000eab00000,0x00000000eacdc8a8,0x00000000eb080000)
  from space 2560K, 86% used [0x00000000eb080000,0x00000000eb2a8428,0x00000000eb300000)
  to   space 7168K, 0% used [0x00000000eba80000,0x00000000eba80000,0x00000000ec180000)
 ParOldGen       total 403456K, used 384370K [0x00000000c0000000, 0x00000000d8a00000, 0x00000000eab00000)
  object space 403456K, 95% used [0x00000000c0000000,0x00000000d775cad0,0x00000000d8a00000)
 Metaspace       used 71453K, committed 72640K, reserved 1114112K
  class space    used 7560K, committed 8128K, reserved 1048576K
GC Heap History (20 events):
Event: 107.900 GC heap before
{Heap before GC invocations=403 (full 17):
 PSYoungGen      total 8704K, used 7843K [0x00000000eab00000, 0x00000000eba80000, 0x0000000100000000)
  eden space 4096K, 90% used [0x00000000eab00000,0x00000000eaea2100,0x00000000eaf00000)
  from space 4608K, 89% used [0x00000000eaf00000,0x00000000eb306c68,0x00000000eb380000)
  to   space 5632K, 0% used [0x00000000eb500000,0x00000000eb500000,0x00000000eba80000)
 ParOldGen       total 380928K, used 350297K [0x00000000c0000000, 0x00000000d7400000, 0x00000000eab00000)
  object space 380928K, 91% used [0x00000000c0000000,0x00000000d5616570,0x00000000d7400000)
 Metaspace       used 71309K, committed 72512K, reserved 1114112K
  class space    used 7552K, committed 8128K, reserved 1048576K
}
Event: 107.914 GC heap after
{Heap after GC invocations=403 (full 17):
 PSYoungGen      total 9216K, used 3783K [0x00000000eab00000, 0x00000000eb900000, 0x0000000100000000)
  eden space 5120K, 0% used [0x00000000eab00000,0x00000000eab00000,0x00000000eb000000)
  from space 4096K, 92% used [0x00000000eb500000,0x00000000eb8b1cc0,0x00000000eb900000)
  to   space 4096K, 0% used [0x00000000eb100000,0x00000000eb100000,0x00000000eb500000)
 ParOldGen       total 380928K, used 354382K [0x00000000c0000000, 0x00000000d7400000, 0x00000000eab00000)
  object space 380928K, 93% used [0x00000000c0000000,0x00000000d5a13bf8,0x00000000d7400000)
 Metaspace       used 71309K, committed 72512K, reserved 1114112K
  class space    used 7552K, committed 8128K, reserved 1048576K
}
Event: 108.183 GC heap before
{Heap before GC invocations=404 (full 17):
 PSYoungGen      total 9216K, used 8903K [0x00000000eab00000, 0x00000000eb900000, 0x0000000100000000)
  eden space 5120K, 100% used [0x00000000eab00000,0x00000000eb000000,0x00000000eb000000)
  from space 4096K, 92% used [0x00000000eb500000,0x00000000eb8b1cc0,0x00000000eb900000)
  to   space 4096K, 0% used [0x00000000eb100000,0x00000000eb100000,0x00000000eb500000)
 ParOldGen       total 380928K, used 354382K [0x00000000c0000000, 0x00000000d7400000, 0x00000000eab00000)
  object space 380928K, 93% used [0x00000000c0000000,0x00000000d5a13bf8,0x00000000d7400000)
 Metaspace       used 71309K, committed 72512K, reserved 1114112K
  class space    used 7552K, committed 8128K, reserved 1048576K
}
Event: 108.199 GC heap after
{Heap after GC invocations=404 (full 17):
 PSYoungGen      total 9728K, used 4075K [0x00000000eab00000, 0x00000000ec380000, 0x0000000100000000)
  eden space 5632K, 0% used [0x00000000eab00000,0x00000000eab00000,0x00000000eb080000)
  from space 4096K, 99% used [0x00000000eb100000,0x00000000eb4fac90,0x00000000eb500000)
  to   space 9728K, 0% used [0x00000000eba00000,0x00000000eba00000,0x00000000ec380000)
 ParOldGen       total 380928K, used 359134K [0x00000000c0000000, 0x00000000d7400000, 0x00000000eab00000)
  object space 380928K, 94% used [0x00000000c0000000,0x00000000d5eb78b8,0x00000000d7400000)
 Metaspace       used 71309K, committed 72512K, reserved 1114112K
  class space    used 7552K, committed 8128K, reserved 1048576K
}
Event: 108.407 GC heap before
{Heap before GC invocations=405 (full 17):
 PSYoungGen      total 9728K, used 9707K [0x00000000eab00000, 0x00000000ec380000, 0x0000000100000000)
  eden space 5632K, 100% used [0x00000000eab00000,0x00000000eb080000,0x00000000eb080000)
  from space 4096K, 99% used [0x00000000eb100000,0x00000000eb4fac90,0x00000000eb500000)
  to   space 9728K, 0% used [0x00000000eba00000,0x00000000eba00000,0x00000000ec380000)
 ParOldGen       total 380928K, used 359134K [0x00000000c0000000, 0x00000000d7400000, 0x00000000eab00000)
  object space 380928K, 94% used [0x00000000c0000000,0x00000000d5eb78b8,0x00000000d7400000)
 Metaspace       used 71309K, committed 72512K, reserved 1114112K
  class space    used 7552K, committed 8128K, reserved 1048576K
}
Event: 108.427 GC heap after
{Heap after GC invocations=405 (full 17):
 PSYoungGen      total 12800K, used 5658K [0x00000000eab00000, 0x00000000ec000000, 0x0000000100000000)
  eden space 6656K, 0% used [0x00000000eab00000,0x00000000eab00000,0x00000000eb180000)
  from space 6144K, 92% used [0x00000000eba00000,0x00000000ebf86ba8,0x00000000ec000000)
  to   space 7168K, 0% used [0x00000000eb200000,0x00000000eb200000,0x00000000eb900000)
 ParOldGen       total 380928K, used 363215K [0x00000000c0000000, 0x00000000d7400000, 0x00000000eab00000)
  object space 380928K, 95% used [0x00000000c0000000,0x00000000d62b3e78,0x00000000d7400000)
 Metaspace       used 71309K, committed 72512K, reserved 1114112K
  class space    used 7552K, committed 8128K, reserved 1048576K
}
Event: 108.739 GC heap before
{Heap before GC invocations=406 (full 17):
 PSYoungGen      total 12800K, used 12314K [0x00000000eab00000, 0x00000000ec000000, 0x0000000100000000)
  eden space 6656K, 100% used [0x00000000eab00000,0x00000000eb180000,0x00000000eb180000)
  from space 6144K, 92% used [0x00000000eba00000,0x00000000ebf86ba8,0x00000000ec000000)
  to   space 7168K, 0% used [0x00000000eb200000,0x00000000eb200000,0x00000000eb900000)
 ParOldGen       total 380928K, used 363215K [0x00000000c0000000, 0x00000000d7400000, 0x00000000eab00000)
  object space 380928K, 95% used [0x00000000c0000000,0x00000000d62b3e78,0x00000000d7400000)
 Metaspace       used 71309K, committed 72512K, reserved 1114112K
  class space    used 7552K, committed 8128K, reserved 1048576K
}
Event: 108.762 GC heap after
{Heap after GC invocations=406 (full 17):
 PSYoungGen      total 14336K, used 7144K [0x00000000eab00000, 0x00000000ecd80000, 0x0000000100000000)
  eden space 7168K, 0% used [0x00000000eab00000,0x00000000eab00000,0x00000000eb200000)
  from space 7168K, 99% used [0x00000000eb200000,0x00000000eb8fa358,0x00000000eb900000)
  to   space 13824K, 0% used [0x00000000ec000000,0x00000000ec000000,0x00000000ecd80000)
 ParOldGen       total 380928K, used 368319K [0x00000000c0000000, 0x00000000d7400000, 0x00000000eab00000)
  object space 380928K, 96% used [0x00000000c0000000,0x00000000d67afdc0,0x00000000d7400000)
 Metaspace       used 71309K, committed 72512K, reserved 1114112K
  class space    used 7552K, committed 8128K, reserved 1048576K
}
Event: 109.248 GC heap before
{Heap before GC invocations=407 (full 17):
 PSYoungGen      total 14336K, used 14312K [0x00000000eab00000, 0x00000000ecd80000, 0x0000000100000000)
  eden space 7168K, 100% used [0x00000000eab00000,0x00000000eb200000,0x00000000eb200000)
  from space 7168K, 99% used [0x00000000eb200000,0x00000000eb8fa358,0x00000000eb900000)
  to   space 13824K, 0% used [0x00000000ec000000,0x00000000ec000000,0x00000000ecd80000)
 ParOldGen       total 380928K, used 368319K [0x00000000c0000000, 0x00000000d7400000, 0x00000000eab00000)
  object space 380928K, 96% used [0x00000000c0000000,0x00000000d67afdc0,0x00000000d7400000)
 Metaspace       used 71332K, committed 72576K, reserved 1114112K
  class space    used 7552K, committed 8128K, reserved 1048576K
}
Event: 109.268 GC heap after
{Heap after GC invocations=407 (full 17):
 PSYoungGen      total 15360K, used 6779K [0x00000000eab00000, 0x00000000ec700000, 0x0000000100000000)
  eden space 8192K, 0% used [0x00000000eab00000,0x00000000eab00000,0x00000000eb300000)
  from space 7168K, 94% used [0x00000000ec000000,0x00000000ec69ec08,0x00000000ec700000)
  to   space 9216K, 0% used [0x00000000eb500000,0x00000000eb500000,0x00000000ebe00000)
 ParOldGen       total 380928K, used 375383K [0x00000000c0000000, 0x00000000d7400000, 0x00000000eab00000)
  object space 380928K, 98% used [0x00000000c0000000,0x00000000d6e95ee0,0x00000000d7400000)
 Metaspace       used 71332K, committed 72576K, reserved 1114112K
  class space    used 7552K, committed 8128K, reserved 1048576K
}
Event: 109.268 GC heap before
{Heap before GC invocations=408 (full 18):
 PSYoungGen      total 15360K, used 6779K [0x00000000eab00000, 0x00000000ec700000, 0x0000000100000000)
  eden space 8192K, 0% used [0x00000000eab00000,0x00000000eab00000,0x00000000eb300000)
  from space 7168K, 94% used [0x00000000ec000000,0x00000000ec69ec08,0x00000000ec700000)
  to   space 9216K, 0% used [0x00000000eb500000,0x00000000eb500000,0x00000000ebe00000)
 ParOldGen       total 380928K, used 375383K [0x00000000c0000000, 0x00000000d7400000, 0x00000000eab00000)
  object space 380928K, 98% used [0x00000000c0000000,0x00000000d6e95ee0,0x00000000d7400000)
 Metaspace       used 71332K, committed 72576K, reserved 1114112K
  class space    used 7552K, committed 8128K, reserved 1048576K
}
Event: 109.695 GC heap after
{Heap after GC invocations=408 (full 18):
 PSYoungGen      total 9728K, used 0K [0x00000000eab00000, 0x00000000ec600000, 0x0000000100000000)
  eden space 9216K, 0% used [0x00000000eab00000,0x00000000eab00000,0x00000000eb400000)
  from space 512K, 0% used [0x00000000eb500000,0x00000000eb500000,0x00000000eb580000)
  to   space 9216K, 0% used [0x00000000ebd00000,0x00000000ebd00000,0x00000000ec600000)
 ParOldGen       total 403456K, used 365417K [0x00000000c0000000, 0x00000000d8a00000, 0x00000000eab00000)
  object space 403456K, 90% used [0x00000000c0000000,0x00000000d64da5d0,0x00000000d8a00000)
 Metaspace       used 71332K, committed 72576K, reserved 1114112K
  class space    used 7552K, committed 8128K, reserved 1048576K
}
Event: 112.751 GC heap before
{Heap before GC invocations=409 (full 18):
 PSYoungGen      total 9728K, used 9216K [0x00000000eab00000, 0x00000000ec600000, 0x0000000100000000)
  eden space 9216K, 100% used [0x00000000eab00000,0x00000000eb400000,0x00000000eb400000)
  from space 512K, 0% used [0x00000000eb500000,0x00000000eb500000,0x00000000eb580000)
  to   space 9216K, 0% used [0x00000000ebd00000,0x00000000ebd00000,0x00000000ec600000)
 ParOldGen       total 403456K, used 365417K [0x00000000c0000000, 0x00000000d8a00000, 0x00000000eab00000)
  object space 403456K, 90% used [0x00000000c0000000,0x00000000d64da5d0,0x00000000d8a00000)
 Metaspace       used 71398K, committed 72576K, reserved 1114112K
  class space    used 7557K, committed 8128K, reserved 1048576K
}
Event: 112.771 GC heap after
{Heap after GC invocations=409 (full 18):
 PSYoungGen      total 16384K, used 6053K [0x00000000eab00000, 0x00000000ec300000, 0x0000000100000000)
  eden space 10240K, 0% used [0x00000000eab00000,0x00000000eab00000,0x00000000eb500000)
  from space 6144K, 98% used [0x00000000ebd00000,0x00000000ec2e94e0,0x00000000ec300000)
  to   space 6656K, 0% used [0x00000000eb600000,0x00000000eb600000,0x00000000ebc80000)
 ParOldGen       total 403456K, used 365417K [0x00000000c0000000, 0x00000000d8a00000, 0x00000000eab00000)
  object space 403456K, 90% used [0x00000000c0000000,0x00000000d64da5d0,0x00000000d8a00000)
 Metaspace       used 71398K, committed 72576K, reserved 1114112K
  class space    used 7557K, committed 8128K, reserved 1048576K
}
Event: 112.812 GC heap before
{Heap before GC invocations=410 (full 18):
 PSYoungGen      total 16384K, used 16293K [0x00000000eab00000, 0x00000000ec300000, 0x0000000100000000)
  eden space 10240K, 100% used [0x00000000eab00000,0x00000000eb500000,0x00000000eb500000)
  from space 6144K, 98% used [0x00000000ebd00000,0x00000000ec2e94e0,0x00000000ec300000)
  to   space 6656K, 0% used [0x00000000eb600000,0x00000000eb600000,0x00000000ebc80000)
 ParOldGen       total 403456K, used 365417K [0x00000000c0000000, 0x00000000d8a00000, 0x00000000eab00000)
  object space 403456K, 90% used [0x00000000c0000000,0x00000000d64da5d0,0x00000000d8a00000)
 Metaspace       used 71404K, committed 72640K, reserved 1114112K
  class space    used 7558K, committed 8128K, reserved 1048576K
}
Event: 112.831 GC heap after
{Heap after GC invocations=410 (full 18):
 PSYoungGen      total 17920K, used 6633K [0x00000000eab00000, 0x00000000ecc00000, 0x0000000100000000)
  eden space 11264K, 0% used [0x00000000eab00000,0x00000000eab00000,0x00000000eb600000)
  from space 6656K, 99% used [0x00000000eb600000,0x00000000ebc7a738,0x00000000ebc80000)
  to   space 11264K, 0% used [0x00000000ec100000,0x00000000ec100000,0x00000000ecc00000)
 ParOldGen       total 403456K, used 369241K [0x00000000c0000000, 0x00000000d8a00000, 0x00000000eab00000)
  object space 403456K, 91% used [0x00000000c0000000,0x00000000d68965d0,0x00000000d8a00000)
 Metaspace       used 71404K, committed 72640K, reserved 1114112K
  class space    used 7558K, committed 8128K, reserved 1048576K
}
Event: 112.925 GC heap before
{Heap before GC invocations=411 (full 18):
 PSYoungGen      total 17920K, used 17897K [0x00000000eab00000, 0x00000000ecc00000, 0x0000000100000000)
  eden space 11264K, 100% used [0x00000000eab00000,0x00000000eb600000,0x00000000eb600000)
  from space 6656K, 99% used [0x00000000eb600000,0x00000000ebc7a738,0x00000000ebc80000)
  to   space 11264K, 0% used [0x00000000ec100000,0x00000000ec100000,0x00000000ecc00000)
 ParOldGen       total 403456K, used 369241K [0x00000000c0000000, 0x00000000d8a00000, 0x00000000eab00000)
  object space 403456K, 91% used [0x00000000c0000000,0x00000000d68965d0,0x00000000d8a00000)
 Metaspace       used 71427K, committed 72640K, reserved 1114112K
  class space    used 7558K, committed 8128K, reserved 1048576K
}
Event: 112.944 GC heap after
{Heap after GC invocations=411 (full 18):
 PSYoungGen      total 16896K, used 11249K [0x00000000eab00000, 0x00000000ed880000, 0x0000000100000000)
  eden space 5632K, 0% used [0x00000000eab00000,0x00000000eab00000,0x00000000eb080000)
  from space 11264K, 99% used [0x00000000ec100000,0x00000000ecbfc458,0x00000000ecc00000)
  to   space 16896K, 0% used [0x00000000eb080000,0x00000000eb080000,0x00000000ec100000)
 ParOldGen       total 403456K, used 373354K [0x00000000c0000000, 0x00000000d8a00000, 0x00000000eab00000)
  object space 403456K, 92% used [0x00000000c0000000,0x00000000d6c9ab78,0x00000000d8a00000)
 Metaspace       used 71427K, committed 72640K, reserved 1114112K
  class space    used 7558K, committed 8128K, reserved 1048576K
}
Event: 146.497 GC heap before
{Heap before GC invocations=412 (full 18):
 PSYoungGen      total 16896K, used 16881K [0x00000000eab00000, 0x00000000ed880000, 0x0000000100000000)
  eden space 5632K, 100% used [0x00000000eab00000,0x00000000eb080000,0x00000000eb080000)
  from space 11264K, 99% used [0x00000000ec100000,0x00000000ecbfc458,0x00000000ecc00000)
  to   space 16896K, 0% used [0x00000000eb080000,0x00000000eb080000,0x00000000ec100000)
 ParOldGen       total 403456K, used 373354K [0x00000000c0000000, 0x00000000d8a00000, 0x00000000eab00000)
  object space 403456K, 92% used [0x00000000c0000000,0x00000000d6c9ab78,0x00000000d8a00000)
 Metaspace       used 71441K, committed 72640K, reserved 1114112K
  class space    used 7560K, committed 8128K, reserved 1048576K
}
Event: 146.523 GC heap after
{Heap after GC invocations=412 (full 18):
 PSYoungGen      total 8192K, used 2209K [0x00000000eab00000, 0x00000000ec180000, 0x0000000100000000)
  eden space 5632K, 0% used [0x00000000eab00000,0x00000000eab00000,0x00000000eb080000)
  from space 2560K, 86% used [0x00000000eb080000,0x00000000eb2a8428,0x00000000eb300000)
  to   space 7168K, 0% used [0x00000000eba80000,0x00000000eba80000,0x00000000ec180000)
 ParOldGen       total 403456K, used 384370K [0x00000000c0000000, 0x00000000d8a00000, 0x00000000eab00000)
  object space 403456K, 95% used [0x00000000c0000000,0x00000000d775cad0,0x00000000d8a00000)
 Metaspace       used 71441K, committed 72640K, reserved 1114112K
  class space    used 7560K, committed 8128K, reserved 1048576K
}

