# JRE version: OpenJDK Runtime Environment Temurin-17.0.10+7 (17.0.10+7) (build 17.0.10+7)
# Java VM: OpenJDK 64-Bit Server VM Temurin-17.0.10+7 (17.0.10+7, mixed mode, tiered, compressed oops, compressed class ptrs, parallel gc, windows-amd64)
GC Precious Log:
 CPUs: 4 total, 4 available
 Memory: 3917M
 Large Page Support: Disabled
 NUMA Support: Disabled
 Compressed Oops: Enabled (32-bit)
 Alignments: Space 512K, Generation 512K, Heap 2M
 Heap Min Capacity: 100M
 Heap Initial Capacity: 100M
 Heap Max Capacity: 1G
 Pre-touch: Disabled
 Parallel Workers: 4
Heap:
 PSYoungGen      total 5120K, used 4691K [0x00000000eab00000, 0x00000000eb400000, 0x0000000100000000)
  eden space 4096K, 93% used [0x00000000eab00000,0x00000000eaebce28,0x00000000eaf00000)
  from space 1024K, 84% used [0x00000000eb300000,0x00000000eb3d8010,0x00000000eb400000)
  to   space 2048K, 0% used [0x00000000eb000000,0x00000000eb000000,0x00000000eb200000)
 ParOldGen       total 392704K, used 382626K [0x00000000c0000000, 0x00000000d7f80000, 0x00000000eab00000)
  object space 392704K, 97% used [0x00000000c0000000,0x00000000d75a8998,0x00000000d7f80000)
 Metaspace       used 74057K, committed 75264K, reserved 1179648K
  class space    used 7705K, committed 8256K, reserved 1048576K
GC Heap History (20 events):
Event: 77.011 GC heap before
{Heap before GC invocations=238 (full 13):
 PSYoungGen      total 6656K, used 6176K [0x00000000eab00000, 0x00000000eb480000, 0x0000000100000000)
  eden space 5120K, 100% used [0x00000000eab00000,0x00000000eb000000,0x00000000eb000000)
  from space 1536K, 68% used [0x00000000eb300000,0x00000000eb408020,0x00000000eb480000)
  to   space 1536K, 0% used [0x00000000eb180000,0x00000000eb180000,0x00000000eb300000)
 ParOldGen       total 392704K, used 377835K [0x00000000c0000000, 0x00000000d7f80000, 0x00000000eab00000)
  object space 392704K, 96% used [0x00000000c0000000,0x00000000d70faf08,0x00000000d7f80000)
 Metaspace       used 73214K, committed 74432K, reserved 1179648K
  class space    used 7638K, committed 8128K, reserved 1048576K
}
Event: 77.017 GC heap after
{Heap after GC invocations=238 (full 13):
 PSYoungGen      total 6656K, used 864K [0x00000000eab00000, 0x00000000eb380000, 0x0000000100000000)
  eden space 5632K, 0% used [0x00000000eab00000,0x00000000eab00000,0x00000000eb080000)
  from space 1024K, 84% used [0x00000000eb180000,0x00000000eb258020,0x00000000eb280000)
  to   space 1024K, 0% used [0x00000000eb280000,0x00000000eb280000,0x00000000eb380000)
 ParOldGen       total 392704K, used 377835K [0x00000000c0000000, 0x00000000d7f80000, 0x00000000eab00000)
  object space 392704K, 96% used [0x00000000c0000000,0x00000000d70faf08,0x00000000d7f80000)
 Metaspace       used 73214K, committed 74432K, reserved 1179648K
  class space    used 7638K, committed 8128K, reserved 1048576K
}
Event: 80.150 GC heap before
{Heap before GC invocations=239 (full 13):
 PSYoungGen      total 6656K, used 6496K [0x00000000eab00000, 0x00000000eb380000, 0x0000000100000000)
  eden space 5632K, 100% used [0x00000000eab00000,0x00000000eb080000,0x00000000eb080000)
  from space 1024K, 84% used [0x00000000eb180000,0x00000000eb258020,0x00000000eb280000)
  to   space 1024K, 0% used [0x00000000eb280000,0x00000000eb280000,0x00000000eb380000)
 ParOldGen       total 392704K, used 377835K [0x00000000c0000000, 0x00000000d7f80000, 0x00000000eab00000)
  object space 392704K, 96% used [0x00000000c0000000,0x00000000d70faf08,0x00000000d7f80000)
 Metaspace       used 73580K, committed 74752K, reserved 1179648K
  class space    used 7677K, committed 8192K, reserved 1048576K
}
Event: 80.156 GC heap after
{Heap after GC invocations=239 (full 13):
 PSYoungGen      total 6656K, used 896K [0x00000000eab00000, 0x00000000eb380000, 0x0000000100000000)
  eden space 5632K, 0% used [0x00000000eab00000,0x00000000eab00000,0x00000000eb080000)
  from space 1024K, 87% used [0x00000000eb280000,0x00000000eb360020,0x00000000eb380000)
  to   space 1024K, 0% used [0x00000000eb180000,0x00000000eb180000,0x00000000eb280000)
 ParOldGen       total 392704K, used 377843K [0x00000000c0000000, 0x00000000d7f80000, 0x00000000eab00000)
  object space 392704K, 96% used [0x00000000c0000000,0x00000000d70fcf08,0x00000000d7f80000)
 Metaspace       used 73580K, committed 74752K, reserved 1179648K
  class space    used 7677K, committed 8192K, reserved 1048576K
}
Event: 84.240 GC heap before
{Heap before GC invocations=240 (full 13):
 PSYoungGen      total 6656K, used 6528K [0x00000000eab00000, 0x00000000eb380000, 0x0000000100000000)
  eden space 5632K, 100% used [0x00000000eab00000,0x00000000eb080000,0x00000000eb080000)
  from space 1024K, 87% used [0x00000000eb280000,0x00000000eb360020,0x00000000eb380000)
  to   space 1024K, 0% used [0x00000000eb180000,0x00000000eb180000,0x00000000eb280000)
 ParOldGen       total 392704K, used 377843K [0x00000000c0000000, 0x00000000d7f80000, 0x00000000eab00000)
  object space 392704K, 96% used [0x00000000c0000000,0x00000000d70fcf08,0x00000000d7f80000)
 Metaspace       used 73813K, committed 75008K, reserved 1179648K
  class space    used 7696K, committed 8192K, reserved 1048576K
}
Event: 84.246 GC heap after
{Heap after GC invocations=240 (full 13):
 PSYoungGen      total 6656K, used 704K [0x00000000eab00000, 0x00000000eb300000, 0x0000000100000000)
  eden space 5632K, 0% used [0x00000000eab00000,0x00000000eab00000,0x00000000eb080000)
  from space 1024K, 68% used [0x00000000eb180000,0x00000000eb230000,0x00000000eb280000)
  to   space 512K, 0% used [0x00000000eb280000,0x00000000eb280000,0x00000000eb300000)
 ParOldGen       total 392704K, used 377851K [0x00000000c0000000, 0x00000000d7f80000, 0x00000000eab00000)
  object space 392704K, 96% used [0x00000000c0000000,0x00000000d70fef08,0x00000000d7f80000)
 Metaspace       used 73813K, committed 75008K, reserved 1179648K
  class space    used 7696K, committed 8192K, reserved 1048576K
}
Event: 84.663 GC heap before
{Heap before GC invocations=241 (full 13):
 PSYoungGen      total 6656K, used 6336K [0x00000000eab00000, 0x00000000eb300000, 0x0000000100000000)
  eden space 5632K, 100% used [0x00000000eab00000,0x00000000eb080000,0x00000000eb080000)
  from space 1024K, 68% used [0x00000000eb180000,0x00000000eb230000,0x00000000eb280000)
  to   space 512K, 0% used [0x00000000eb280000,0x00000000eb280000,0x00000000eb300000)
 ParOldGen       total 392704K, used 377851K [0x00000000c0000000, 0x00000000d7f80000, 0x00000000eab00000)
  object space 392704K, 96% used [0x00000000c0000000,0x00000000d70fef08,0x00000000d7f80000)
 Metaspace       used 73939K, committed 75136K, reserved 1179648K
  class space    used 7705K, committed 8256K, reserved 1048576K
}
Event: 84.671 GC heap after
{Heap after GC invocations=241 (full 13):
 PSYoungGen      total 6144K, used 480K [0x00000000eab00000, 0x00000000eb480000, 0x0000000100000000)
  eden space 5632K, 0% used [0x00000000eab00000,0x00000000eab00000,0x00000000eb080000)
  from space 512K, 93% used [0x00000000eb280000,0x00000000eb2f8010,0x00000000eb300000)
  to   space 2048K, 0% used [0x00000000eb080000,0x00000000eb080000,0x00000000eb280000)
 ParOldGen       total 392704K, used 379042K [0x00000000c0000000, 0x00000000d7f80000, 0x00000000eab00000)
  object space 392704K, 96% used [0x00000000c0000000,0x00000000d7228998,0x00000000d7f80000)
 Metaspace       used 73939K, committed 75136K, reserved 1179648K
  class space    used 7705K, committed 8256K, reserved 1048576K
}
Event: 85.340 GC heap before
{Heap before GC invocations=242 (full 13):
 PSYoungGen      total 6144K, used 6112K [0x00000000eab00000, 0x00000000eb480000, 0x0000000100000000)
  eden space 5632K, 100% used [0x00000000eab00000,0x00000000eb080000,0x00000000eb080000)
  from space 512K, 93% used [0x00000000eb280000,0x00000000eb2f8010,0x00000000eb300000)
  to   space 2048K, 0% used [0x00000000eb080000,0x00000000eb080000,0x00000000eb280000)
 ParOldGen       total 392704K, used 379042K [0x00000000c0000000, 0x00000000d7f80000, 0x00000000eab00000)
  object space 392704K, 96% used [0x00000000c0000000,0x00000000d7228998,0x00000000d7f80000)
 Metaspace       used 73976K, committed 75200K, reserved 1179648K
  class space    used 7705K, committed 8256K, reserved 1048576K
}
Event: 85.345 GC heap after
{Heap after GC invocations=242 (full 13):
 PSYoungGen      total 6656K, used 768K [0x00000000eab00000, 0x00000000eb380000, 0x0000000100000000)
  eden space 5632K, 0% used [0x00000000eab00000,0x00000000eab00000,0x00000000eb080000)
  from space 1024K, 75% used [0x00000000eb080000,0x00000000eb140010,0x00000000eb180000)
  to   space 1536K, 0% used [0x00000000eb200000,0x00000000eb200000,0x00000000eb380000)
 ParOldGen       total 392704K, used 379098K [0x00000000c0000000, 0x00000000d7f80000, 0x00000000eab00000)
  object space 392704K, 96% used [0x00000000c0000000,0x00000000d7236998,0x00000000d7f80000)
 Metaspace       used 73976K, committed 75200K, reserved 1179648K
  class space    used 7705K, committed 8256K, reserved 1048576K
}
Event: 85.416 GC heap before
{Heap before GC invocations=243 (full 13):
 PSYoungGen      total 6656K, used 6400K [0x00000000eab00000, 0x00000000eb380000, 0x0000000100000000)
  eden space 5632K, 100% used [0x00000000eab00000,0x00000000eb080000,0x00000000eb080000)
  from space 1024K, 75% used [0x00000000eb080000,0x00000000eb140010,0x00000000eb180000)
  to   space 1536K, 0% used [0x00000000eb200000,0x00000000eb200000,0x00000000eb380000)
 ParOldGen       total 392704K, used 379098K [0x00000000c0000000, 0x00000000d7f80000, 0x00000000eab00000)
  object space 392704K, 96% used [0x00000000c0000000,0x00000000d7236998,0x00000000d7f80000)
 Metaspace       used 73994K, committed 75200K, reserved 1179648K
  class space    used 7705K, committed 8256K, reserved 1048576K
}
Event: 85.425 GC heap after
{Heap after GC invocations=243 (full 13):
 PSYoungGen      total 4096K, used 1510K [0x00000000eab00000, 0x00000000eb980000, 0x0000000100000000)
  eden space 2560K, 0% used [0x00000000eab00000,0x00000000eab00000,0x00000000ead80000)
  from space 1536K, 98% used [0x00000000eb200000,0x00000000eb379b40,0x00000000eb380000)
  to   space 4608K, 0% used [0x00000000ead80000,0x00000000ead80000,0x00000000eb200000)
 ParOldGen       total 392704K, used 381266K [0x00000000c0000000, 0x00000000d7f80000, 0x00000000eab00000)
  object space 392704K, 97% used [0x00000000c0000000,0x00000000d7454998,0x00000000d7f80000)
 Metaspace       used 73994K, committed 75200K, reserved 1179648K
  class space    used 7705K, committed 8256K, reserved 1048576K
}
Event: 85.443 GC heap before
{Heap before GC invocations=244 (full 13):
 PSYoungGen      total 4096K, used 4070K [0x00000000eab00000, 0x00000000eb980000, 0x0000000100000000)
  eden space 2560K, 100% used [0x00000000eab00000,0x00000000ead80000,0x00000000ead80000)
  from space 1536K, 98% used [0x00000000eb200000,0x00000000eb379b40,0x00000000eb380000)
  to   space 4608K, 0% used [0x00000000ead80000,0x00000000ead80000,0x00000000eb200000)
 ParOldGen       total 392704K, used 381266K [0x00000000c0000000, 0x00000000d7f80000, 0x00000000eab00000)
  object space 392704K, 97% used [0x00000000c0000000,0x00000000d7454998,0x00000000d7f80000)
 Metaspace       used 73994K, committed 75200K, reserved 1179648K
  class space    used 7705K, committed 8256K, reserved 1048576K
}
Event: 85.452 GC heap after
{Heap after GC invocations=244 (full 13):
 PSYoungGen      total 7168K, used 4026K [0x00000000eab00000, 0x00000000eb700000, 0x0000000100000000)
  eden space 2560K, 0% used [0x00000000eab00000,0x00000000eab00000,0x00000000ead80000)
  from space 4608K, 87% used [0x00000000ead80000,0x00000000eb16eb40,0x00000000eb200000)
  to   space 4608K, 0% used [0x00000000eb280000,0x00000000eb280000,0x00000000eb700000)
 ParOldGen       total 392704K, used 381290K [0x00000000c0000000, 0x00000000d7f80000, 0x00000000eab00000)
  object space 392704K, 97% used [0x00000000c0000000,0x00000000d745a998,0x00000000d7f80000)
 Metaspace       used 73994K, committed 75200K, reserved 1179648K
  class space    used 7705K, committed 8256K, reserved 1048576K
}
Event: 85.546 GC heap before
{Heap before GC invocations=245 (full 13):
 PSYoungGen      total 7168K, used 6479K [0x00000000eab00000, 0x00000000eb700000, 0x0000000100000000)
  eden space 2560K, 95% used [0x00000000eab00000,0x00000000ead650e8,0x00000000ead80000)
  from space 4608K, 87% used [0x00000000ead80000,0x00000000eb16eb40,0x00000000eb200000)
  to   space 4608K, 0% used [0x00000000eb280000,0x00000000eb280000,0x00000000eb700000)
 ParOldGen       total 392704K, used 381290K [0x00000000c0000000, 0x00000000d7f80000, 0x00000000eab00000)
  object space 392704K, 97% used [0x00000000c0000000,0x00000000d745a998,0x00000000d7f80000)
 Metaspace       used 73999K, committed 75200K, reserved 1179648K
  class space    used 7705K, committed 8256K, reserved 1048576K
}
Event: 85.553 GC heap after
{Heap after GC invocations=245 (full 13):
 PSYoungGen      total 4096K, used 915K [0x00000000eab00000, 0x00000000eb380000, 0x0000000100000000)
  eden space 3072K, 0% used [0x00000000eab00000,0x00000000eab00000,0x00000000eae00000)
  from space 1024K, 89% used [0x00000000eb280000,0x00000000eb364cd0,0x00000000eb380000)
  to   space 2560K, 0% used [0x00000000eae80000,0x00000000eae80000,0x00000000eb100000)
 ParOldGen       total 392704K, used 381290K [0x00000000c0000000, 0x00000000d7f80000, 0x00000000eab00000)
  object space 392704K, 97% used [0x00000000c0000000,0x00000000d745a998,0x00000000d7f80000)
 Metaspace       used 73999K, committed 75200K, reserved 1179648K
  class space    used 7705K, committed 8256K, reserved 1048576K
}
Event: 85.572 GC heap before
{Heap before GC invocations=246 (full 13):
 PSYoungGen      total 4096K, used 3987K [0x00000000eab00000, 0x00000000eb380000, 0x0000000100000000)
  eden space 3072K, 99% used [0x00000000eab00000,0x00000000eadffff0,0x00000000eae00000)
  from space 1024K, 89% used [0x00000000eb280000,0x00000000eb364cd0,0x00000000eb380000)
  to   space 2560K, 0% used [0x00000000eae80000,0x00000000eae80000,0x00000000eb100000)
 ParOldGen       total 392704K, used 381290K [0x00000000c0000000, 0x00000000d7f80000, 0x00000000eab00000)
  object space 392704K, 97% used [0x00000000c0000000,0x00000000d745a998,0x00000000d7f80000)
 Metaspace       used 73999K, committed 75200K, reserved 1179648K
  class space    used 7705K, committed 8256K, reserved 1048576K
}
Event: 85.580 GC heap after
{Heap after GC invocations=246 (full 13):
 PSYoungGen      total 6144K, used 2555K [0x00000000eab00000, 0x00000000eb780000, 0x0000000100000000)
  eden space 3584K, 0% used [0x00000000eab00000,0x00000000eab00000,0x00000000eae80000)
  from space 2560K, 99% used [0x00000000eae80000,0x00000000eb0fed90,0x00000000eb100000)
  to   space 4608K, 0% used [0x00000000eb300000,0x00000000eb300000,0x00000000eb780000)
 ParOldGen       total 392704K, used 382610K [0x00000000c0000000, 0x00000000d7f80000, 0x00000000eab00000)
  object space 392704K, 97% used [0x00000000c0000000,0x00000000d75a4998,0x00000000d7f80000)
 Metaspace       used 73999K, committed 75200K, reserved 1179648K
  class space    used 7705K, committed 8256K, reserved 1048576K
}
Event: 85.971 GC heap before
{Heap before GC invocations=247 (full 13):
 PSYoungGen      total 6144K, used 6139K [0x00000000eab00000, 0x00000000eb780000, 0x0000000100000000)
  eden space 3584K, 99% used [0x00000000eab00000,0x00000000eae7ff28,0x00000000eae80000)
  from space 2560K, 99% used [0x00000000eae80000,0x00000000eb0fed90,0x00000000eb100000)
  to   space 4608K, 0% used [0x00000000eb300000,0x00000000eb300000,0x00000000eb780000)
 ParOldGen       total 392704K, used 382610K [0x00000000c0000000, 0x00000000d7f80000, 0x00000000eab00000)
  object space 392704K, 97% used [0x00000000c0000000,0x00000000d75a4998,0x00000000d7f80000)
 Metaspace       used 74032K, committed 75200K, reserved 1179648K
  class space    used 7705K, committed 8256K, reserved 1048576K
}
Event: 85.982 GC heap after
{Heap after GC invocations=247 (full 13):
 PSYoungGen      total 5120K, used 864K [0x00000000eab00000, 0x00000000eb400000, 0x0000000100000000)
  eden space 4096K, 0% used [0x00000000eab00000,0x00000000eab00000,0x00000000eaf00000)
  from space 1024K, 84% used [0x00000000eb300000,0x00000000eb3d8010,0x00000000eb400000)
  to   space 2048K, 0% used [0x00000000eb000000,0x00000000eb000000,0x00000000eb200000)
 ParOldGen       total 392704K, used 382626K [0x00000000c0000000, 0x00000000d7f80000, 0x00000000eab00000)
  object space 392704K, 97% used [0x00000000c0000000,0x00000000d75a8998,0x00000000d7f80000)
 Metaspace       used 74032K, committed 75200K, reserved 1179648K
  class space    used 7705K, committed 8256K, reserved 1048576K
}

